<?xml version="1.0" encoding="UTF-8"?>
<testsuite xmlns:xsi="http://www.w3.org/2001/XMLSchema-instance" xsi:noNamespaceSchemaLocation="https://maven.apache.org/surefire/maven-surefire-plugin/xsd/surefire-test-report-3.0.xsd" version="3.0" name="Qaclickacademy.CghjTest" time="0.442" tests="1" errors="0" skipped="0" failures="0">
  <properties>
    <property name="java.specification.version" value="13"/>
    <property name="sun.cpu.isalist" value="amd64"/>
    <property name="sun.jnu.encoding" value="Cp1252"/>
    <property name="java.class.path" value="C:\Users\shrav\Mavenjava\target\test-classes;C:\Users\shrav\Mavenjava\target\classes;C:\Users\shrav\.m2\repository\io\rest-assured\rest-assured\4.1.1\rest-assured-4.1.1.jar;C:\Users\shrav\.m2\repository\org\codehaus\groovy\groovy\2.5.6\groovy-2.5.6.jar;C:\Users\shrav\.m2\repository\org\codehaus\groovy\groovy-xml\2.5.6\groovy-xml-2.5.6.jar;C:\Users\shrav\.m2\repository\org\apache\httpcomponents\httpclient\4.5.3\httpclient-4.5.3.jar;C:\Users\shrav\.m2\repository\org\apache\httpcomponents\httpcore\4.4.6\httpcore-4.4.6.jar;C:\Users\shrav\.m2\repository\commons-logging\commons-logging\1.2\commons-logging-1.2.jar;C:\Users\shrav\.m2\repository\commons-codec\commons-codec\1.9\commons-codec-1.9.jar;C:\Users\shrav\.m2\repository\org\apache\httpcomponents\httpmime\4.5.3\httpmime-4.5.3.jar;C:\Users\shrav\.m2\repository\org\hamcrest\hamcrest\2.1\hamcrest-2.1.jar;C:\Users\shrav\.m2\repository\org\ccil\cowan\tagsoup\tagsoup\1.2.1\tagsoup-1.2.1.jar;C:\Users\shrav\.m2\repository\io\rest-assured\json-path\4.1.1\json-path-4.1.1.jar;C:\Users\shrav\.m2\repository\org\codehaus\groovy\groovy-json\2.5.6\groovy-json-2.5.6.jar;C:\Users\shrav\.m2\repository\io\rest-assured\rest-assured-common\4.1.1\rest-assured-common-4.1.1.jar;C:\Users\shrav\.m2\repository\io\rest-assured\xml-path\4.1.1\xml-path-4.1.1.jar;C:\Users\shrav\.m2\repository\org\apache\commons\commons-lang3\3.4\commons-lang3-3.4.jar;C:\Users\shrav\.m2\repository\javax\xml\bind\jaxb-api\2.3.1\jaxb-api-2.3.1.jar;C:\Users\shrav\.m2\repository\javax\activation\javax.activation-api\1.2.0\javax.activation-api-1.2.0.jar;C:\Users\shrav\.m2\repository\com\sun\xml\bind\jaxb-osgi\2.3.0.1\jaxb-osgi-2.3.0.1.jar;C:\Users\shrav\.m2\repository\org\apache\sling\org.apache.sling.javax.activation\0.1.0\org.apache.sling.javax.activation-0.1.0.jar;C:\Users\shrav\.m2\repository\javax\activation\activation\1.1.1\activation-1.1.1.jar;C:\Users\shrav\.m2\repository\org\testng\testng\7.0.0\testng-7.0.0.jar;C:\Users\shrav\.m2\repository\com\beust\jcommander\1.72\jcommander-1.72.jar;C:\Users\shrav\.m2\repository\org\seleniumhq\selenium\selenium-java\3.141.59\selenium-java-3.141.59.jar;C:\Users\shrav\.m2\repository\org\seleniumhq\selenium\selenium-api\3.141.59\selenium-api-3.141.59.jar;C:\Users\shrav\.m2\repository\org\seleniumhq\selenium\selenium-chrome-driver\3.141.59\selenium-chrome-driver-3.141.59.jar;C:\Users\shrav\.m2\repository\org\seleniumhq\selenium\selenium-edge-driver\3.141.59\selenium-edge-driver-3.141.59.jar;C:\Users\shrav\.m2\repository\org\seleniumhq\selenium\selenium-firefox-driver\3.141.59\selenium-firefox-driver-3.141.59.jar;C:\Users\shrav\.m2\repository\org\seleniumhq\selenium\selenium-ie-driver\3.141.59\selenium-ie-driver-3.141.59.jar;C:\Users\shrav\.m2\repository\org\seleniumhq\selenium\selenium-opera-driver\3.141.59\selenium-opera-driver-3.141.59.jar;C:\Users\shrav\.m2\repository\org\seleniumhq\selenium\selenium-remote-driver\3.141.59\selenium-remote-driver-3.141.59.jar;C:\Users\shrav\.m2\repository\org\seleniumhq\selenium\selenium-safari-driver\3.141.59\selenium-safari-driver-3.141.59.jar;C:\Users\shrav\.m2\repository\org\seleniumhq\selenium\selenium-support\3.141.59\selenium-support-3.141.59.jar;C:\Users\shrav\.m2\repository\net\bytebuddy\byte-buddy\1.8.15\byte-buddy-1.8.15.jar;C:\Users\shrav\.m2\repository\org\apache\commons\commons-exec\1.3\commons-exec-1.3.jar;C:\Users\shrav\.m2\repository\com\google\guava\guava\25.0-jre\guava-25.0-jre.jar;C:\Users\shrav\.m2\repository\com\google\code\findbugs\jsr305\1.3.9\jsr305-1.3.9.jar;C:\Users\shrav\.m2\repository\org\checkerframework\checker-compat-qual\2.0.0\checker-compat-qual-2.0.0.jar;C:\Users\shrav\.m2\repository\com\google\errorprone\error_prone_annotations\2.1.3\error_prone_annotations-2.1.3.jar;C:\Users\shrav\.m2\repository\com\google\j2objc\j2objc-annotations\1.1\j2objc-annotations-1.1.jar;C:\Users\shrav\.m2\repository\org\codehaus\mojo\animal-sniffer-annotations\1.14\animal-sniffer-annotations-1.14.jar;C:\Users\shrav\.m2\repository\com\squareup\okhttp3\okhttp\3.11.0\okhttp-3.11.0.jar;C:\Users\shrav\.m2\repository\com\squareup\okio\okio\1.14.0\okio-1.14.0.jar;"/>
    <property name="java.vm.vendor" value="Oracle Corporation"/>
    <property name="sun.arch.data.model" value="64"/>
    <property name="user.variant" value=""/>
    <property name="java.vendor.url" value="https://java.oracle.com/"/>
    <property name="user.timezone" value="America/New_York"/>
    <property name="os.name" value="Windows 10"/>
    <property name="java.vm.specification.version" value="13"/>
    <property name="sun.java.launcher" value="SUN_STANDARD"/>
    <property name="user.country" value="US"/>
    <property name="sun.boot.library.path" value="C:\Program Files\Java\jdk-13\bin"/>
    <property name="sun.java.command" value="C:\Users\shrav\AppData\Local\Temp\surefire11312195801320590292\surefirebooter1349673306346167178.jar C:\Users\shrav\AppData\Local\Temp\surefire11312195801320590292 2019-09-24T09-07-57_705-jvmRun1 surefire18000484534100170713tmp surefire_015729421536008875610tmp"/>
    <property name="jdk.debug" value="release"/>
    <property name="test" value="CghjTest"/>
    <property name="surefire.test.class.path" value="C:\Users\shrav\Mavenjava\target\test-classes;C:\Users\shrav\Mavenjava\target\classes;C:\Users\shrav\.m2\repository\io\rest-assured\rest-assured\4.1.1\rest-assured-4.1.1.jar;C:\Users\shrav\.m2\repository\org\codehaus\groovy\groovy\2.5.6\groovy-2.5.6.jar;C:\Users\shrav\.m2\repository\org\codehaus\groovy\groovy-xml\2.5.6\groovy-xml-2.5.6.jar;C:\Users\shrav\.m2\repository\org\apache\httpcomponents\httpclient\4.5.3\httpclient-4.5.3.jar;C:\Users\shrav\.m2\repository\org\apache\httpcomponents\httpcore\4.4.6\httpcore-4.4.6.jar;C:\Users\shrav\.m2\repository\commons-logging\commons-logging\1.2\commons-logging-1.2.jar;C:\Users\shrav\.m2\repository\commons-codec\commons-codec\1.9\commons-codec-1.9.jar;C:\Users\shrav\.m2\repository\org\apache\httpcomponents\httpmime\4.5.3\httpmime-4.5.3.jar;C:\Users\shrav\.m2\repository\org\hamcrest\hamcrest\2.1\hamcrest-2.1.jar;C:\Users\shrav\.m2\repository\org\ccil\cowan\tagsoup\tagsoup\1.2.1\tagsoup-1.2.1.jar;C:\Users\shrav\.m2\repository\io\rest-assured\json-path\4.1.1\json-path-4.1.1.jar;C:\Users\shrav\.m2\repository\org\codehaus\groovy\groovy-json\2.5.6\groovy-json-2.5.6.jar;C:\Users\shrav\.m2\repository\io\rest-assured\rest-assured-common\4.1.1\rest-assured-common-4.1.1.jar;C:\Users\shrav\.m2\repository\io\rest-assured\xml-path\4.1.1\xml-path-4.1.1.jar;C:\Users\shrav\.m2\repository\org\apache\commons\commons-lang3\3.4\commons-lang3-3.4.jar;C:\Users\shrav\.m2\repository\javax\xml\bind\jaxb-api\2.3.1\jaxb-api-2.3.1.jar;C:\Users\shrav\.m2\repository\javax\activation\javax.activation-api\1.2.0\javax.activation-api-1.2.0.jar;C:\Users\shrav\.m2\repository\com\sun\xml\bind\jaxb-osgi\2.3.0.1\jaxb-osgi-2.3.0.1.jar;C:\Users\shrav\.m2\repository\org\apache\sling\org.apache.sling.javax.activation\0.1.0\org.apache.sling.javax.activation-0.1.0.jar;C:\Users\shrav\.m2\repository\javax\activation\activation\1.1.1\activation-1.1.1.jar;C:\Users\shrav\.m2\repository\org\testng\testng\7.0.0\testng-7.0.0.jar;C:\Users\shrav\.m2\repository\com\beust\jcommander\1.72\jcommander-1.72.jar;C:\Users\shrav\.m2\repository\org\seleniumhq\selenium\selenium-java\3.141.59\selenium-java-3.141.59.jar;C:\Users\shrav\.m2\repository\org\seleniumhq\selenium\selenium-api\3.141.59\selenium-api-3.141.59.jar;C:\Users\shrav\.m2\repository\org\seleniumhq\selenium\selenium-chrome-driver\3.141.59\selenium-chrome-driver-3.141.59.jar;C:\Users\shrav\.m2\repository\org\seleniumhq\selenium\selenium-edge-driver\3.141.59\selenium-edge-driver-3.141.59.jar;C:\Users\shrav\.m2\repository\org\seleniumhq\selenium\selenium-firefox-driver\3.141.59\selenium-firefox-driver-3.141.59.jar;C:\Users\shrav\.m2\repository\org\seleniumhq\selenium\selenium-ie-driver\3.141.59\selenium-ie-driver-3.141.59.jar;C:\Users\shrav\.m2\repository\org\seleniumhq\selenium\selenium-opera-driver\3.141.59\selenium-opera-driver-3.141.59.jar;C:\Users\shrav\.m2\repository\org\seleniumhq\selenium\selenium-remote-driver\3.141.59\selenium-remote-driver-3.141.59.jar;C:\Users\shrav\.m2\repository\org\seleniumhq\selenium\selenium-safari-driver\3.141.59\selenium-safari-driver-3.141.59.jar;C:\Users\shrav\.m2\repository\org\seleniumhq\selenium\selenium-support\3.141.59\selenium-support-3.141.59.jar;C:\Users\shrav\.m2\repository\net\bytebuddy\byte-buddy\1.8.15\byte-buddy-1.8.15.jar;C:\Users\shrav\.m2\repository\org\apache\commons\commons-exec\1.3\commons-exec-1.3.jar;C:\Users\shrav\.m2\repository\com\google\guava\guava\25.0-jre\guava-25.0-jre.jar;C:\Users\shrav\.m2\repository\com\google\code\findbugs\jsr305\1.3.9\jsr305-1.3.9.jar;C:\Users\shrav\.m2\repository\org\checkerframework\checker-compat-qual\2.0.0\checker-compat-qual-2.0.0.jar;C:\Users\shrav\.m2\repository\com\google\errorprone\error_prone_annotations\2.1.3\error_prone_annotations-2.1.3.jar;C:\Users\shrav\.m2\repository\com\google\j2objc\j2objc-annotations\1.1\j2objc-annotations-1.1.jar;C:\Users\shrav\.m2\repository\org\codehaus\mojo\animal-sniffer-annotations\1.14\animal-sniffer-annotations-1.14.jar;C:\Users\shrav\.m2\repository\com\squareup\okhttp3\okhttp\3.11.0\okhttp-3.11.0.jar;C:\Users\shrav\.m2\repository\com\squareup\okio\okio\1.14.0\okio-1.14.0.jar;"/>
    <property name="sun.cpu.endian" value="little"/>
    <property name="user.home" value="C:\Users\shrav"/>
    <property name="user.language" value="en"/>
    <property name="java.specification.vendor" value="Oracle Corporation"/>
    <property name="java.version.date" value="2019-09-17"/>
    <property name="java.home" value="C:\Program Files\Java\jdk-13"/>
    <property name="file.separator" value="\"/>
    <property name="basedir" value="C:\Users\shrav\Mavenjava"/>
    <property name="java.vm.compressedOopsMode" value="32-bit"/>
    <property name="line.separator" value="&#10;"/>
    <property name="java.vm.specification.vendor" value="Oracle Corporation"/>
    <property name="java.specification.name" value="Java Platform API Specification"/>
    <property name="surefire.real.class.path" value="C:\Users\shrav\AppData\Local\Temp\surefire11312195801320590292\surefirebooter1349673306346167178.jar"/>
    <property name="user.script" value=""/>
    <property name="sun.management.compiler" value="HotSpot 64-Bit Tiered Compilers"/>
    <property name="java.runtime.version" value="13+33"/>
    <property name="user.name" value="shrav"/>
    <property name="path.separator" value=";"/>
    <property name="os.version" value="10.0"/>
    <property name="java.runtime.name" value="Java(TM) SE Runtime Environment"/>
    <property name="file.encoding" value="Cp1252"/>
    <property name="java.vm.name" value="Java HotSpot(TM) 64-Bit Server VM"/>
    <property name="localRepository" value="C:\Users\shrav\.m2\repository"/>
    <property name="java.vendor.url.bug" value="https://bugreport.java.com/bugreport/"/>
    <property name="java.io.tmpdir" value="C:\Users\shrav\AppData\Local\Temp\"/>
    <property name="java.version" value="13"/>
    <property name="user.dir" value="C:\Users\shrav\Mavenjava"/>
    <property name="os.arch" value="amd64"/>
    <property name="java.vm.specification.name" value="Java Virtual Machine Specification"/>
    <property name="sun.os.patch.level" value=""/>
    <property name="java.library.path" value="C:\Program Files\Java\jdk-13\bin;C:\Windows\Sun\Java\bin;C:\Windows\system32;C:\Windows;C:\Windows\system32;C:\Windows;C:\Windows\System32\Wbem;C:\Windows\System32\WindowsPowerShell\v1.0\;C:\Windows\System32\OpenSSH\;C:\Program Files (x86)\Intel\Intel(R) Management Engine Components\DAL;C:\Program Files\Intel\Intel(R) Management Engine Components\DAL;C:\Program Files\Intel\WiFi\bin\;C:\Program Files\Common Files\Intel\WirelessCommon\;C:\Program Files\Java\jdk-13\bin;C:\apache-maven-3.6.2-bin\apache-maven-3.6.2\bin;C:\Users\shrav\AppData\Local\Microsoft\WindowsApps;;."/>
    <property name="java.vm.info" value="mixed mode, sharing"/>
    <property name="java.vendor" value="Oracle Corporation"/>
    <property name="java.vm.version" value="13+33"/>
    <property name="sun.io.unicode.encoding" value="UnicodeLittle"/>
    <property name="java.class.version" value="57.0"/>
  </properties>
  <testcase name="gh" classname="Qaclickacademy.CghjTest" time="0.006"/>
</testsuite>