<?xml version="1.0" encoding="UTF-8"?>
<!-- Generated by org.testng.reporters.JUnitReportReporter -->
<testsuite hostname="DESKTOP-SDU9QET" failures="0" tests="1" name="Qaclickacademy.CghjTest" time="0.005" errors="0" timestamp="2019-09-24T09:26:13 EDT" skipped="0">
  <testcase classname="Qaclickacademy.CghjTest" name="gh" time="0.005"/>
</testsuite> <!-- Qaclickacademy.CghjTest -->
