<?xml version="1.0" encoding="UTF-8"?>
<!-- Generated by org.testng.reporters.JUnitReportReporter -->
<testsuite hostname="DESKTOP-SDU9QET" failures="0" tests="1" name="Qaclickacademy.DcgfhjTest" time="0.013" errors="0" timestamp="2019-09-24T09:26:31 EDT" skipped="0">
  <testcase classname="Qaclickacademy.DcgfhjTest" name="ghfgh" time="0.013"/>
</testsuite> <!-- Qaclickacademy.DcgfhjTest -->
